Arguments: 
  /usr/local/Cellar/node/12.1.0/bin/node /usr/local/Cellar/yarn/1.15.2/libexec/bin/yarn.js docs:dev

PATH: 
  /Users/chasesmith/.cargo/bin:/Users/chasesmith/Downloads/google-cloud-sdk/bin:/usr/local/bin:/usr/bin:/bin:/usr/sbin:/sbin

Yarn version: 
  1.15.2

Node version: 
  12.1.0

Platform: 
  darwin x64

Trace: 
  SyntaxError: /Users/chasesmith/Desktop/vuepress-project/package.json: Unexpected token { in JSON at position 99
      at JSON.parse (<anonymous>)
      at /usr/local/Cellar/yarn/1.15.2/libexec/lib/cli.js:1625:59
      at Generator.next (<anonymous>)
      at step (/usr/local/Cellar/yarn/1.15.2/libexec/lib/cli.js:304:30)
      at /usr/local/Cellar/yarn/1.15.2/libexec/lib/cli.js:315:13

npm manifest: 
  {
    "name": "vuepress-project",
    "version": "1.0.0",
    "main": "index.js",
    "license": "MIT",
  
    {
    "scripts": {
      "docs:dev": "vuepress dev docs",
      "docs:build": "vuepress build docs"
    }
  }
  }

yarn manifest: 
  No manifest

Lockfile: 
  No lockfile
